{"/home/brunolnetto/github/node-import-MVP/module/operations.js": {"path":"/home/brunolnetto/github/node-import-MVP/module/operations.js","statementMap":{"0":{"start":{"line":1,"column":19},"end":{"line":1,"column":34}},"1":{"start":{"line":1,"column":29},"end":{"line":1,"column":34}},"2":{"start":{"line":3,"column":24},"end":{"line":3,"column":39}},"3":{"start":{"line":3,"column":34},"end":{"line":3,"column":39}},"4":{"start":{"line":5,"column":24},"end":{"line":5,"column":39}},"5":{"start":{"line":5,"column":34},"end":{"line":5,"column":39}},"6":{"start":{"line":7,"column":22},"end":{"line":13,"column":1}},"7":{"start":{"line":8,"column":4},"end":{"line":12,"column":5}},"8":{"start":{"line":9,"column":8},"end":{"line":9,"column":48}},"9":{"start":{"line":11,"column":8},"end":{"line":11,"column":20}}},"fnMap":{"0":{"name":"(anonymous_0)","decl":{"start":{"line":1,"column":19},"end":{"line":1,"column":20}},"loc":{"start":{"line":1,"column":29},"end":{"line":1,"column":34}},"line":1},"1":{"name":"(anonymous_1)","decl":{"start":{"line":3,"column":24},"end":{"line":3,"column":25}},"loc":{"start":{"line":3,"column":34},"end":{"line":3,"column":39}},"line":3},"2":{"name":"(anonymous_2)","decl":{"start":{"line":5,"column":24},"end":{"line":5,"column":25}},"loc":{"start":{"line":5,"column":34},"end":{"line":5,"column":39}},"line":5},"3":{"name":"(anonymous_3)","decl":{"start":{"line":7,"column":22},"end":{"line":7,"column":23}},"loc":{"start":{"line":7,"column":32},"end":{"line":13,"column":1}},"line":7}},"branchMap":{"0":{"loc":{"start":{"line":8,"column":4},"end":{"line":12,"column":5}},"type":"if","locations":[{"start":{"line":8,"column":4},"end":{"line":12,"column":5}},{"start":{"line":10,"column":11},"end":{"line":12,"column":5}}],"line":8}},"s":{"0":1,"1":1,"2":1,"3":1,"4":1,"5":1,"6":1,"7":2,"8":1,"9":1},"f":{"0":1,"1":1,"2":1,"3":2},"b":{"0":[1,1]},"_coverageSchema":"1a1c01bbd47fc00a2c39e90264f33305004495a9","hash":"2ed3db73f236cbb0eb01af441ab9af5f7fd6faf1"}
}
